<?xml version="1.0" encoding="UTF-8"?>
<!-- Generated by org.testng.reporters.JUnitReportReporter -->
<testsuite skipped="0" hostname="WINDOWS-MPDIPKQ" name="com.org.learningmaven.myMavenProject.AppTest" tests="1" failures="0" timestamp="19 Nov 2018 02:03:02 GMT" time="0.001" errors="0">
  <testcase name="testApp" time="0.001" classname="com.org.learningmaven.myMavenProject.AppTest"/>
</testsuite> <!-- com.org.learningmaven.myMavenProject.AppTest -->
