<?xml version="1.0" encoding="UTF-8"?>
<!-- Generated by org.testng.reporters.JUnitReportReporter -->
<testsuite skipped="0" hostname="WINDOWS-MPDIPKQ" name="com.org.learningmaven.myMavenProject.HelloWorldTest" tests="2" failures="0" timestamp="19 Nov 2018 02:03:02 GMT" time="0.017" errors="0">
  <testcase name="login" time="0.000" classname="com.org.learningmaven.myMavenProject.HelloWorldTest"/>
  <testcase name="exit" time="0.017" classname="com.org.learningmaven.myMavenProject.HelloWorldTest"/>
</testsuite> <!-- com.org.learningmaven.myMavenProject.HelloWorldTest -->
